<?xml version="1.0" encoding="UTF-8"?>
<coverage generated="1602619573273" clover="3.2.0">
  <project timestamp="1602619573274" name="All files">
    <metrics statements="21" coveredstatements="18" conditionals="2" coveredconditionals="2" methods="6" coveredmethods="5" elements="29" coveredelements="25" complexity="0" loc="21" ncloc="21" packages="2" files="3" classes="3"/>
    <package name="python_passion_project_app_mobile">
      <metrics statements="3" coveredstatements="0" conditionals="0" coveredconditionals="0" methods="1" coveredmethods="0"/>
      <file name="App.js" path="/Users/marissabiesecker/Desktop/Marissa/Projects/RedSquirrel/python_passion_project_app_mobile/App.js">
        <metrics statements="2" coveredstatements="0" conditionals="0" coveredconditionals="0" methods="1" coveredmethods="0"/>
        <line num="7" count="0" type="stmt"/>
        <line num="15" count="0" type="stmt"/>
      </file>
      <file name="jest.config.js" path="/Users/marissabiesecker/Desktop/Marissa/Projects/RedSquirrel/python_passion_project_app_mobile/jest.config.js">
        <metrics statements="1" coveredstatements="0" conditionals="0" coveredconditionals="0" methods="0" coveredmethods="0"/>
        <line num="1" count="0" type="stmt"/>
      </file>
    </package>
    <package name="python_passion_project_app_mobile.Components">
      <metrics statements="18" coveredstatements="18" conditionals="2" coveredconditionals="2" methods="5" coveredmethods="5"/>
      <file name="Text.native.js" path="/Users/marissabiesecker/Desktop/Marissa/Projects/RedSquirrel/python_passion_project_app_mobile/Components/Text.native.js">
        <metrics statements="18" coveredstatements="18" conditionals="2" coveredconditionals="2" methods="5" coveredmethods="5"/>
        <line num="7" count="1" type="stmt"/>
        <line num="14" count="1" type="stmt"/>
        <line num="18" count="1" type="stmt"/>
        <line num="23" count="1" type="stmt"/>
        <line num="28" count="1" type="stmt"/>
        <line num="33" count="1" type="stmt"/>
        <line num="34" count="10" type="stmt"/>
        <line num="41" count="10" type="cond" truecount="2" falsecount="0"/>
        <line num="42" count="5" type="stmt"/>
        <line num="49" count="5" type="stmt"/>
        <line num="64" count="1" type="stmt"/>
        <line num="65" count="2" type="stmt"/>
        <line num="78" count="1" type="stmt"/>
        <line num="79" count="2" type="stmt"/>
        <line num="92" count="1" type="stmt"/>
        <line num="93" count="2" type="stmt"/>
        <line num="107" count="1" type="stmt"/>
        <line num="108" count="2" type="stmt"/>
      </file>
    </package>
  </project>
</coverage>
