{"/Users/marissabiesecker/Desktop/Marissa/Projects/RedSquirrel/python_passion_project_app_mobile/App.js": {"path":"/Users/marissabiesecker/Desktop/Marissa/Projects/RedSquirrel/python_passion_project_app_mobile/App.js","statementMap":{"0":{"start":{"line":7,"column":2},"end":{"line":12,"column":4}},"1":{"start":{"line":15,"column":15},"end":{"line":22,"column":2}}},"fnMap":{"0":{"name":"App","decl":{"start":{"line":6,"column":24},"end":{"line":6,"column":27}},"loc":{"start":{"line":6,"column":30},"end":{"line":13,"column":1}},"line":6}},"branchMap":{},"s":{"0":0,"1":0},"f":{"0":0},"b":{}}
,"/Users/marissabiesecker/Desktop/Marissa/Projects/RedSquirrel/python_passion_project_app_mobile/jest.config.js": {"path":"/Users/marissabiesecker/Desktop/Marissa/Projects/RedSquirrel/python_passion_project_app_mobile/jest.config.js","statementMap":{"0":{"start":{"line":1,"column":0},"end":{"line":18,"column":2}}},"fnMap":{},"branchMap":{},"s":{"0":0},"f":{},"b":{}}
,"/Users/marissabiesecker/Desktop/Marissa/Projects/RedSquirrel/python_passion_project_app_mobile/Components/Text.native.js": {"path":"/Users/marissabiesecker/Desktop/Marissa/Projects/RedSquirrel/python_passion_project_app_mobile/Components/Text.native.js","statementMap":{"0":{"start":{"line":7,"column":21},"end":{"line":12,"column":1}},"1":{"start":{"line":14,"column":16},"end":{"line":16,"column":1}},"2":{"start":{"line":18,"column":22},"end":{"line":21,"column":1}},"3":{"start":{"line":23,"column":18},"end":{"line":26,"column":1}},"4":{"start":{"line":28,"column":22},"end":{"line":31,"column":1}},"5":{"start":{"line":33,"column":24},"end":{"line":62,"column":1}},"6":{"start":{"line":34,"column":22},"end":{"line":39,"column":4}},"7":{"start":{"line":41,"column":2},"end":{"line":47,"column":3}},"8":{"start":{"line":42,"column":4},"end":{"line":46,"column":5}},"9":{"start":{"line":49,"column":2},"end":{"line":60,"column":3}},"10":{"start":{"line":64,"column":18},"end":{"line":76,"column":1}},"11":{"start":{"line":65,"column":2},"end":{"line":75,"column":3}},"12":{"start":{"line":78,"column":18},"end":{"line":90,"column":1}},"13":{"start":{"line":79,"column":2},"end":{"line":89,"column":3}},"14":{"start":{"line":92,"column":18},"end":{"line":105,"column":1}},"15":{"start":{"line":93,"column":2},"end":{"line":104,"column":3}},"16":{"start":{"line":107,"column":23},"end":{"line":119,"column":1}},"17":{"start":{"line":108,"column":2},"end":{"line":118,"column":3}}},"fnMap":{"0":{"name":"(anonymous_0)","decl":{"start":{"line":33,"column":24},"end":{"line":33,"column":25}},"loc":{"start":{"line":33,"column":49},"end":{"line":62,"column":1}},"line":33},"1":{"name":"(anonymous_1)","decl":{"start":{"line":64,"column":18},"end":{"line":64,"column":19}},"loc":{"start":{"line":64,"column":27},"end":{"line":76,"column":1}},"line":64},"2":{"name":"(anonymous_2)","decl":{"start":{"line":78,"column":18},"end":{"line":78,"column":19}},"loc":{"start":{"line":78,"column":27},"end":{"line":90,"column":1}},"line":78},"3":{"name":"(anonymous_3)","decl":{"start":{"line":92,"column":18},"end":{"line":92,"column":19}},"loc":{"start":{"line":92,"column":27},"end":{"line":105,"column":1}},"line":92},"4":{"name":"(anonymous_4)","decl":{"start":{"line":107,"column":23},"end":{"line":107,"column":24}},"loc":{"start":{"line":107,"column":32},"end":{"line":119,"column":1}},"line":107}},"branchMap":{"0":{"loc":{"start":{"line":41,"column":2},"end":{"line":47,"column":3}},"type":"if","locations":[{"start":{"line":41,"column":2},"end":{"line":47,"column":3}},{"start":{"line":41,"column":2},"end":{"line":47,"column":3}}],"line":41}},"s":{"0":1,"1":1,"2":1,"3":1,"4":1,"5":1,"6":10,"7":10,"8":5,"9":5,"10":1,"11":2,"12":1,"13":2,"14":1,"15":2,"16":1,"17":2},"f":{"0":10,"1":2,"2":2,"3":2,"4":2},"b":{"0":[5,5]},"_coverageSchema":"1a1c01bbd47fc00a2c39e90264f33305004495a9","hash":"392db164aeb9f67c1072ad745a534715dd033152"}
}
