TN:
SF:App.js
FN:6,App
FNF:1
FNH:0
FNDA:0,App
DA:7,0
DA:15,0
LF:2
LH:0
BRF:0
BRH:0
end_of_record
TN:
SF:jest.config.js
FNF:0
FNH:0
DA:1,0
LF:1
LH:0
BRF:0
BRH:0
end_of_record
TN:
SF:Components/Text.native.js
FN:33,(anonymous_0)
FN:64,(anonymous_1)
FN:78,(anonymous_2)
FN:92,(anonymous_3)
FN:107,(anonymous_4)
FNF:5
FNH:5
FNDA:10,(anonymous_0)
FNDA:2,(anonymous_1)
FNDA:2,(anonymous_2)
FNDA:2,(anonymous_3)
FNDA:2,(anonymous_4)
DA:7,1
DA:14,1
DA:18,1
DA:23,1
DA:28,1
DA:33,1
DA:34,10
DA:41,10
DA:42,5
DA:49,5
DA:64,1
DA:65,2
DA:78,1
DA:79,2
DA:92,1
DA:93,2
DA:107,1
DA:108,2
LF:18
LH:18
BRDA:41,0,0,5
BRDA:41,0,1,5
BRF:2
BRH:2
end_of_record
